<?xml version="1.0" encoding="utf-8"?><testsuites name="pytest tests"><testsuite name="pytest" errors="0" failures="1" skipped="0" tests="37" time="6.151" timestamp="2026-09-10T07:14:11.371927+00:00" hostname="agent-env-3f139710-6c81-46f9-b28e-d4b1e05d1038"><testcase classname="tests.backend_test.TestAdmin" name="test_admin_overview" time="0.788" /><testcase classname="tests.backend_test.TestAuth" name="test_login_success_admin" time="0.788" /><testcase classname="tests.backend_test.TestAdmin" name="test_admin_audit_logs" time="0.078" /><testcase classname="tests.backend_test.TestAdmin" name="test_admin_trades_crud" time="0.421" /><testcase classname="tests.backend_test.TestAuth" name="test_login_success_pro_paid" time="0.333" /><testcase classname="tests.backend_test.TestAuth" name="test_login_invalid_credentials" time="0.170" /><testcase classname="tests.backend_test.TestAdmin" name="test_admin_coupon_crud" time="0.217" /><testcase classname="tests.backend_test.TestAuth" name="test_me_unauthenticated" time="0.190" /><testcase classname="tests.backend_test.TestAuth" name="test_logout" time="0.520" /><testcase classname="tests.backend_test.TestAdmin" name="test_admin_platform_settings_roundtrip" time="0.303" /><testcase classname="tests.backend_test.TestAdmin" name="test_admin_watermark_update" time="0.117" /><testcase classname="tests.backend_test.TestHealthPublic" name="test_health" time="0.127" /><testcase classname="tests.backend_test.TestHealthPublic" name="test_public_config" time="0.145" /><testcase classname="tests.backend_test.TestHealthPublic" name="test_public_trades" time="0.186" /><testcase classname="tests.backend_test.TestAuth" name="test_register_missing_terms_rejected" time="0.432" /><testcase classname="tests.backend_test.TestHealthPublic" name="test_public_terms" time="0.142" /><testcase classname="tests.backend_test.TestAuth" name="test_register_with_terms_success" time="0.408" /><testcase classname="tests.backend_test.TestHealthPublic" name="test_manifest_and_sw" time="0.314" /><testcase classname="tests.backend_test.TestAuth" name="test_forgot_password_mock_email" time="0.327" /><testcase classname="tests.backend_test.TestPublicProfile" name="test_smith_services_profile" time="0.147" /><testcase classname="tests.backend_test.TestQuotes" name="test_create_quote_computes_totals" time="0.410" /><testcase classname="tests.backend_test.TestQuotes" name="test_get_quote_persisted" time="0.114" /><testcase classname="tests.backend_test.TestPublicProfile" name="test_submit_estimate_request" time="0.124" /><testcase classname="tests.backend_test.TestQuotes" name="test_list_quotes_contains_created" time="0.074" /><testcase classname="tests.backend_test.TestQuotes" name="test_quote_pdf_paid_no_watermark" time="0.079" /><testcase classname="tests.backend_test.TestPublicProfile" name="test_pro_paid_sees_new_request" time="0.069" /><testcase classname="tests.backend_test.TestPublicProfile" name="test_convert_request_to_quote" time="0.079" /><testcase classname="tests.backend_test.TestQuotes" name="test_delete_quote" time="0.148" /><testcase classname="tests.backend_test.TestUpgrade" name="test_coupon_validate_welcome10" time="0.556" /><testcase classname="tests.backend_test.TestRBAC" name="test_pro_cannot_call_admin_endpoint" time="0.256" /><testcase classname="tests.backend_test.TestRBAC" name="test_unauth_cannot_list_quotes" time="0.159" /><testcase classname="tests.backend_test.TestRBAC" name="test_admin_can_list_users" time="0.081" /><testcase classname="tests.backend_test.TestUpgrade" name="test_invalid_coupon" time="0.451" /><testcase classname="tests.backend_test.TestDashboard" name="test_pro_paid_dashboard_metrics" time="0.075" /><testcase classname="tests.backend_test.TestFreeLimits" name="test_three_sent_then_fourth_blocked" time="1.213" /><testcase classname="tests.backend_test.TestFreePlanRestrictions" name="test_free_pro_cannot_upload_logo" time="0.637"><failure message="assert 422 in (400, 403)&#10; +  where 422 = &lt;Response [422]&gt;.status_code">tests/backend_test.py:372: in test_free_pro_cannot_upload_logo
    assert r.status_code in (400, 403)
E   assert 422 in (400, 403)
E    +  where 422 = &lt;Response [422]&gt;.status_code</failure></testcase><testcase classname="tests.backend_test.TestFreePlanRestrictions" name="test_free_pdf_watermarked_is_valid_pdf" time="0.205" /></testsuite></testsuites>